<?xml version="1.0" encoding="UTF-8"?>
<!-- Generated by org.testng.reporters.JUnitReportReporter -->
<testsuite hostname="GovindLinux" failures="0" tests="1" name="Org.Test.SeleniumOpenBrowser.openBrowser" time="8.823" errors="0" timestamp="2022-11-29T14:38:58 EST" skipped="0">
  <testcase classname="Org.Test.SeleniumOpenBrowser.openBrowser" name="open_browser" time="8.823"/>
  <system-out/>
</testsuite> <!-- Org.Test.SeleniumOpenBrowser.openBrowser -->
